0 info it worked if it ends with ok
1 verbose cli [ 'C:\\Program Files\\nodejs\\node.exe',
1 verbose cli   'C:\\Users\\allen\\AppData\\Roaming\\npm\\node_modules\\npm\\bin\\npm-cli.js',
1 verbose cli   'start' ]
2 info using npm@3.9.5
3 info using node@v5.7.1
4 verbose run-script [ 'prestart', 'start', 'poststart' ]
5 info lifecycle live-video-notifier@1.0.0~prestart: live-video-notifier@1.0.0
6 silly lifecycle live-video-notifier@1.0.0~prestart: no script for prestart, continuing
7 info lifecycle live-video-notifier@1.0.0~start: live-video-notifier@1.0.0
8 verbose lifecycle live-video-notifier@1.0.0~start: unsafe-perm in lifecycle true
9 verbose lifecycle live-video-notifier@1.0.0~start: PATH: C:\Users\allen\AppData\Roaming\npm\node_modules\npm\bin\node-gyp-bin;C:\Projects\bilibili-live-video-noty\node_modules\.bin;C:\Program Files\nodejs;C:\ProgramData\Oracle\Java\javapath;C:\Program Files (x86)\NVIDIA Corporation\PhysX\Common;C:\WINDOWS\system32;C:\WINDOWS;C:\WINDOWS\System32\Wbem;C:\WINDOWS\System32\WindowsPowerShell\v1.0\;C:\Program Files (x86)\OpenVPN\bin;C:\Program Files\TortoiseSVN\bin;C:\Program Files\Java\jdk1.8.0_65\bin;C:\WINDOWS\system32\config\systemprofile\.dnx\bin;C:\Program Files\Microsoft DNX\Dnvm\;C:\Program Files\nodejs\;C:\Program Files\Microsoft\Web Platform Installer\;C:\Program Files (x86)\Git\cmd;C:\Program Files (x86)\GitExtensions\;C:\Program Files (x86)\Nodist\bin;C:\Users\allen\AppData\Roaming\npm
10 verbose lifecycle live-video-notifier@1.0.0~start: CWD: C:\Projects\bilibili-live-video-noty
11 silly lifecycle live-video-notifier@1.0.0~start: Args: [ '/d /s /c',
11 silly lifecycle   'forever stop bilibili & forever stop httpServer || forever start forever-config.json && forever logs' ]
12 silly lifecycle live-video-notifier@1.0.0~start: Returned: code: 1  signal: null
13 info lifecycle live-video-notifier@1.0.0~start: Failed to exec start script
14 verbose stack Error: live-video-notifier@1.0.0 start: `forever stop bilibili & forever stop httpServer || forever start forever-config.json && forever logs`
14 verbose stack Exit status 1
14 verbose stack     at EventEmitter.<anonymous> (C:\Users\allen\AppData\Roaming\npm\node_modules\npm\lib\utils\lifecycle.js:245:16)
14 verbose stack     at emitTwo (events.js:100:13)
14 verbose stack     at EventEmitter.emit (events.js:185:7)
14 verbose stack     at ChildProcess.<anonymous> (C:\Users\allen\AppData\Roaming\npm\node_modules\npm\lib\utils\spawn.js:24:14)
14 verbose stack     at emitTwo (events.js:100:13)
14 verbose stack     at ChildProcess.emit (events.js:185:7)
14 verbose stack     at maybeClose (internal/child_process.js:827:16)
14 verbose stack     at Process.ChildProcess._handle.onexit (internal/child_process.js:211:5)
15 verbose pkgid live-video-notifier@1.0.0
16 verbose cwd C:\Projects\bilibili-live-video-noty
17 error Windows_NT 10.0.10240
18 error argv "C:\\Program Files\\nodejs\\node.exe" "C:\\Users\\allen\\AppData\\Roaming\\npm\\node_modules\\npm\\bin\\npm-cli.js" "start"
19 error node v5.7.1
20 error npm  v3.9.5
21 error code ELIFECYCLE
22 error live-video-notifier@1.0.0 start: `forever stop bilibili & forever stop httpServer || forever start forever-config.json && forever logs`
22 error Exit status 1
23 error Failed at the live-video-notifier@1.0.0 start script 'forever stop bilibili & forever stop httpServer || forever start forever-config.json && forever logs'.
23 error Make sure you have the latest version of node.js and npm installed.
23 error If you do, this is most likely a problem with the live-video-notifier package,
23 error not with npm itself.
23 error Tell the author that this fails on your system:
23 error     forever stop bilibili & forever stop httpServer || forever start forever-config.json && forever logs
23 error You can get information on how to open an issue for this project with:
23 error     npm bugs live-video-notifier
23 error Or if that isn't available, you can get their info via:
23 error     npm owner ls live-video-notifier
23 error There is likely additional logging output above.
24 verbose exit [ 1, true ]
